<?xml version="1.0" encoding="UTF-8"?>
<!-- Generated by org.testng.reporters.JUnitReportReporter -->
<testsuite hostname="DEV" failures="0" tests="2" name="testCases.TC001_AccountRegistraionTest" time="4.519" errors="1" timestamp="2025-07-11T23:23:33 IST" skipped="1">
  <testcase classname="testCases.TC001_AccountRegistraionTest" name="verify_account_registraion" time="0.000">
    <skipped/>
  </testcase> <!-- verify_account_registraion -->
  <testcase classname="testCases.TC001_AccountRegistraionTest" name="setup" time="4.519">
    <error message="unknown error: net::ERR_CONNECTION_REFUSED
  (Session info: chrome=138.0.7204.100)
Build info: version: &#039;4.34.0&#039;, revision: &#039;707dcb4246*&#039;
System info: os.name: &#039;Windows 11&#039;, os.arch: &#039;amd64&#039;, os.version: &#039;10.0&#039;, java.version: &#039;21.0.2&#039;
Driver info: org.openqa.selenium.remote.RemoteWebDriver
Command: [139bdc8007977860088e8ddc3946ffb1, get {url=http://localhost:8080/opencart/upload/index.php}]
Capabilities {acceptInsecureCerts: false, browserName: chrome, browserVersion: 138.0.7204.100, chrome: {chromedriverVersion: 138.0.7204.94 (545025748884..., userDataDir: /tmp/.org.chromium.Chromium...}, fedcm:accounts: true, goog:chromeOptions: {debuggerAddress: localhost:46497}, networkConnectionEnabled: false, pageLoadStrategy: normal, platformName: linux, proxy: Proxy(), se:bidiEnabled: false, se:cdp: ws://172.19.0.4:4444/sessio..., se:cdpVersion: 138.0.7204.100, se:containerName: 6bdab3cef463, se:deleteSessionOnUi: true, se:downloadsEnabled: true, se:noVncPort: 7900, se:vnc: ws://172.19.0.4:4444/sessio..., se:vncEnabled: true, se:vncLocalAddress: ws://172.19.0.4:7900, setWindowRect: true, strictFileInteractability: false, timeouts: {implicit: 0, pageLoad: 300000, script: 30000}, unhandledPromptBehavior: dismiss and notify, webauthn:extension:credBlob: true, webauthn:extension:largeBlob: true, webauthn:extension:minPinLength: true, webauthn:extension:prf: true, webauthn:virtualAuthenticators: true}
Session ID: 139bdc8007977860088e8ddc3946ffb1" type="org.openqa.selenium.WebDriverException">
      <![CDATA[org.openqa.selenium.WebDriverException: unknown error: net::ERR_CONNECTION_REFUSED
  (Session info: chrome=138.0.7204.100)
Build info: version: '4.34.0', revision: '707dcb4246*'
System info: os.name: 'Windows 11', os.arch: 'amd64', os.version: '10.0', java.version: '21.0.2'
Driver info: org.openqa.selenium.remote.RemoteWebDriver
Command: [139bdc8007977860088e8ddc3946ffb1, get {url=http://localhost:8080/opencart/upload/index.php}]
Capabilities {acceptInsecureCerts: false, browserName: chrome, browserVersion: 138.0.7204.100, chrome: {chromedriverVersion: 138.0.7204.94 (545025748884..., userDataDir: /tmp/.org.chromium.Chromium...}, fedcm:accounts: true, goog:chromeOptions: {debuggerAddress: localhost:46497}, networkConnectionEnabled: false, pageLoadStrategy: normal, platformName: linux, proxy: Proxy(), se:bidiEnabled: false, se:cdp: ws://172.19.0.4:4444/sessio..., se:cdpVersion: 138.0.7204.100, se:containerName: 6bdab3cef463, se:deleteSessionOnUi: true, se:downloadsEnabled: true, se:noVncPort: 7900, se:vnc: ws://172.19.0.4:4444/sessio..., se:vncEnabled: true, se:vncLocalAddress: ws://172.19.0.4:7900, setWindowRect: true, strictFileInteractability: false, timeouts: {implicit: 0, pageLoad: 300000, script: 30000}, unhandledPromptBehavior: dismiss and notify, webauthn:extension:credBlob: true, webauthn:extension:largeBlob: true, webauthn:extension:minPinLength: true, webauthn:extension:prf: true, webauthn:virtualAuthenticators: true}
Session ID: 139bdc8007977860088e8ddc3946ffb1
at java.base/jdk.internal.reflect.DirectConstructorHandleAccessor.newInstance(DirectConstructorHandleAccessor.java:62)
at java.base/java.lang.reflect.Constructor.newInstanceWithCaller(Constructor.java:502)
at java.base/java.lang.reflect.Constructor.newInstance(Constructor.java:486)
at org.openqa.selenium.remote.ErrorCodec.decode(ErrorCodec.java:167)
at org.openqa.selenium.remote.codec.w3c.W3CHttpResponseCodec.decode(W3CHttpResponseCodec.java:138)
at org.openqa.selenium.remote.codec.w3c.W3CHttpResponseCodec.decode(W3CHttpResponseCodec.java:50)
at org.openqa.selenium.remote.HttpCommandExecutor.execute(HttpCommandExecutor.java:215)
at org.openqa.selenium.remote.TracedCommandExecutor.execute(TracedCommandExecutor.java:53)
at org.openqa.selenium.remote.RemoteWebDriver.execute(RemoteWebDriver.java:544)
at org.openqa.selenium.remote.RemoteWebDriver.get(RemoteWebDriver.java:312)
at testCases.BaseClass.setup(BaseClass.java:89)
at java.base/jdk.internal.reflect.DirectMethodHandleAccessor.invoke(DirectMethodHandleAccessor.java:103)
at java.base/java.lang.reflect.Method.invoke(Method.java:580)
at org.testng.internal.invokers.MethodInvocationHelper.invokeMethod(MethodInvocationHelper.java:141)
at org.testng.internal.invokers.MethodInvocationHelper.invokeMethodConsideringTimeout(MethodInvocationHelper.java:71)
at org.testng.internal.invokers.ConfigInvoker.invokeConfigurationMethod(ConfigInvoker.java:400)
at org.testng.internal.invokers.ConfigInvoker.invokeConfigurations(ConfigInvoker.java:333)
at org.testng.internal.invokers.TestMethodWorker.invokeBeforeClassMethods(TestMethodWorker.java:188)
at org.testng.internal.invokers.TestMethodWorker.run(TestMethodWorker.java:128)
at java.base/java.util.ArrayList.forEach(ArrayList.java:1596)
at org.testng.TestRunner.privateRun(TestRunner.java:741)
at org.testng.TestRunner.run(TestRunner.java:616)
at org.testng.SuiteRunner.runTest(SuiteRunner.java:421)
at org.testng.SuiteRunner.runSequentially(SuiteRunner.java:413)
at org.testng.SuiteRunner.privateRun(SuiteRunner.java:373)
at org.testng.SuiteRunner.run(SuiteRunner.java:312)
at org.testng.SuiteRunnerWorker.runSuite(SuiteRunnerWorker.java:52)
at org.testng.SuiteRunnerWorker.run(SuiteRunnerWorker.java:95)
at org.testng.TestNG.runSuitesSequentially(TestNG.java:1274)
at org.testng.TestNG.runSuitesLocally(TestNG.java:1208)
at org.testng.TestNG.runSuites(TestNG.java:1112)
at org.testng.TestNG.run(TestNG.java:1079)
at org.testng.remote.AbstractRemoteTestNG.run(AbstractRemoteTestNG.java:115)
at org.testng.remote.RemoteTestNG.initAndRun(RemoteTestNG.java:293)
at org.testng.remote.RemoteTestNG.main(RemoteTestNG.java:91)
]]>
    </error>
  </testcase> <!-- setup -->
</testsuite> <!-- testCases.TC001_AccountRegistraionTest -->
