<?xml version="1.0" encoding="UTF-8"?>
<!-- Generated by org.testng.reporters.JUnitReportReporter -->
<testsuite hostname="DEV" failures="0" tests="1" name="testCases.TC002_LoginTest" time="3.926" errors="0" timestamp="2025-07-12T00:56:01 IST" skipped="0">
  <testcase classname="testCases.TC002_LoginTest" name="verify_login" time="3.926"/>
</testsuite> <!-- testCases.TC002_LoginTest -->
