<?xml version="1.0" encoding="UTF-8"?>
<!-- Generated by org.testng.reporters.JUnitReportReporter -->
<testsuite hostname="DEV" failures="0" tests="1" name="testCases.TC001_AccountRegistraionTest" time="2.169" errors="0" timestamp="2025-07-12T00:56:01 IST" skipped="0">
  <testcase classname="testCases.TC001_AccountRegistraionTest" name="verify_account_registraion" time="2.169"/>
</testsuite> <!-- testCases.TC001_AccountRegistraionTest -->
